This file contains any messages produced by compilers while
running configure, to aid debugging if configure makes a mistake.

It was created by configure, which was
generated by GNU Autoconf 2.64.  Invocation command line was

  $ ./configure CXX=g++-4.2

## --------- ##
## Platform. ##
## --------- ##

hostname = eda21
uname -m = x86_64
uname -r = 2.6.31-17-generic
uname -s = Linux
uname -v = #54-Ubuntu SMP Thu Dec 10 17:01:44 UTC 2009

/usr/bin/uname -p = unknown
/bin/uname -X     = unknown

/bin/arch              = unknown
/usr/bin/arch -k       = unknown
/usr/convex/getsysinfo = unknown
/usr/bin/hostinfo      = unknown
/bin/machine           = unknown
/usr/bin/oslevel       = unknown
/bin/universe          = unknown

PATH: /usr/local/bin
PATH: /bin
PATH: /usr/bin
PATH: /usr/openwin/bin
PATH: /usr/dt/bin
PATH: /usr/sbin
PATH: /usr/X11R6/bin
PATH: /usr/cad/leda/LEDA-5.0.1-Linux/Manual/cmd
PATH: /home/kaie/bin


## ----------- ##
## Core tests. ##
## ----------- ##

configure:2353: checking for a BSD-compatible install
configure:2421: result: /usr/bin/install -c
configure:2432: checking whether build environment is sane
configure:2469: result: yes
configure:2481: checking whether make sets $(MAKE)
configure:2503: result: yes
configure:2533: checking for working aclocal-1.4
configure:2540: result: found
configure:2548: checking for working autoconf
configure:2555: result: found
configure:2563: checking for working automake-1.4
configure:2570: result: found
configure:2578: checking for working autoheader
configure:2585: result: found
configure:2593: checking for working makeinfo
configure:2604: result: missing
configure:2728: checking for C++ compiler version
configure:2737: g++-4.2 --version >&5
g++-4.2 (GCC) 4.2.4 (Ubuntu 4.2.4-5ubuntu1)
Copyright (C) 2007 Free Software Foundation, Inc.
This is free software; see the source for copying conditions.  There is NO
warranty; not even for MERCHANTABILITY or FITNESS FOR A PARTICULAR PURPOSE.

configure:2748: $? = 0
configure:2737: g++-4.2 -v >&5
Using built-in specs.
Target: x86_64-linux-gnu
Configured with: ../src/configure -v --enable-languages=c,c++,fortran,objc,obj-c++ --prefix=/usr --enable-shared --with-system-zlib --libexecdir=/usr/lib --without-included-gettext --enable-threads=posix --enable-nls --with-gxx-include-dir=/usr/include/c++/4.2 --program-suffix=-4.2 --enable-clocale=gnu --enable-libstdcxx-debug --enable-objc-gc --enable-mpfr --with-tune=generic --enable-checking=release --build=x86_64-linux-gnu --host=x86_64-linux-gnu --target=x86_64-linux-gnu
Thread model: posix
gcc version 4.2.4 (Ubuntu 4.2.4-5ubuntu1)
configure:2748: $? = 0
configure:2737: g++-4.2 -V >&5
g++-4.2: '-V' option must have argument
configure:2748: $? = 1
configure:2737: g++-4.2 -qversion >&5
g++-4.2: unrecognized option '-qversion'
g++-4.2: no input files
configure:2748: $? = 1
configure:2770: checking for C++ compiler default output file name
configure:2792: g++-4.2    conftest.cpp  >&5
configure:2796: $? = 0
configure:2833: result: a.out
configure:2849: checking whether the C++ compiler works
configure:2858: ./a.out
configure:2862: $? = 0
configure:2877: result: yes
configure:2884: checking whether we are cross compiling
configure:2886: result: no
configure:2889: checking for suffix of executables
configure:2896: g++-4.2 -o conftest    conftest.cpp  >&5
configure:2900: $? = 0
configure:2922: result: 
configure:2928: checking for suffix of object files
configure:2950: g++-4.2 -c   conftest.cpp >&5
configure:2954: $? = 0
configure:2975: result: o
configure:2979: checking whether we are using the GNU C++ compiler
configure:2998: g++-4.2 -c   conftest.cpp >&5
configure:2998: $? = 0
configure:3007: result: yes
configure:3016: checking whether g++-4.2 accepts -g
configure:3036: g++-4.2 -c -g  conftest.cpp >&5
configure:3036: $? = 0
configure:3077: result: yes
configure:3129: checking build system type
configure:3143: result: x86_64-unknown-linux-gnu
configure:3163: checking host system type
configure:3176: result: x86_64-unknown-linux-gnu
configure:3244: checking for gcc
configure:3260: found /usr/bin/gcc
configure:3271: result: gcc
configure:3500: checking for C compiler version
configure:3509: gcc --version >&5
gcc (Ubuntu 4.4.1-4ubuntu9) 4.4.1
Copyright (C) 2009 Free Software Foundation, Inc.
This is free software; see the source for copying conditions.  There is NO
warranty; not even for MERCHANTABILITY or FITNESS FOR A PARTICULAR PURPOSE.

configure:3520: $? = 0
configure:3509: gcc -v >&5
Using built-in specs.
Target: x86_64-linux-gnu
Configured with: ../src/configure -v --with-pkgversion='Ubuntu 4.4.1-4ubuntu9' --with-bugurl=file:///usr/share/doc/gcc-4.4/README.Bugs --enable-languages=c,c++,fortran,objc,obj-c++ --prefix=/usr --enable-shared --enable-multiarch --enable-linker-build-id --with-system-zlib --libexecdir=/usr/lib --without-included-gettext --enable-threads=posix --with-gxx-include-dir=/usr/include/c++/4.4 --program-suffix=-4.4 --enable-nls --enable-clocale=gnu --enable-libstdcxx-debug --enable-objc-gc --disable-werror --with-arch-32=i486 --with-tune=generic --enable-checking=release --build=x86_64-linux-gnu --host=x86_64-linux-gnu --target=x86_64-linux-gnu
Thread model: posix
gcc version 4.4.1 (Ubuntu 4.4.1-4ubuntu9) 
configure:3520: $? = 0
configure:3509: gcc -V >&5
gcc: '-V' option must have argument
configure:3520: $? = 1
configure:3509: gcc -qversion >&5
gcc: unrecognized option '-qversion'
gcc: no input files
configure:3520: $? = 1
configure:3524: checking whether we are using the GNU C compiler
configure:3543: gcc -c   conftest.c >&5
configure:3543: $? = 0
configure:3552: result: yes
configure:3561: checking whether gcc accepts -g
configure:3581: gcc -c -g  conftest.c >&5
configure:3581: $? = 0
configure:3622: result: yes
configure:3639: checking for gcc option to accept ISO C89
configure:3703: gcc  -c -g -O2  conftest.c >&5
configure:3703: $? = 0
configure:3716: result: none needed
configure:3736: checking for a sed that does not truncate output
configure:3800: result: /bin/sed
configure:3818: checking for grep that handles long lines and -e
configure:3876: result: /bin/grep
configure:3881: checking for egrep
configure:3943: result: /bin/grep -E
configure:3948: checking for fgrep
configure:4010: result: /bin/grep -F
configure:4045: checking for ld used by gcc
configure:4112: result: /usr/bin/ld
configure:4119: checking if the linker (/usr/bin/ld) is GNU ld
configure:4134: result: yes
configure:4146: checking for BSD- or MS-compatible name lister (nm)
configure:4195: result: /usr/bin/nm -B
configure:4313: checking the name lister (/usr/bin/nm -B) interface
configure:4320: g++-4.2 -c -g -O2  conftest.cpp >&5
configure:4323: /usr/bin/nm -B "conftest.o"
configure:4326: output
0000000000000000 B some_variable
configure:4333: result: BSD nm
configure:4336: checking whether ln -s works
configure:4340: result: yes
configure:4348: checking the maximum length of command line arguments
configure:4468: result: 1572864
configure:4485: checking whether the shell understands some XSI constructs
configure:4495: result: yes
configure:4499: checking whether the shell understands "+="
configure:4505: result: yes
configure:4540: checking for /usr/bin/ld option to reload object files
configure:4547: result: -r
configure:4616: checking for objdump
configure:4632: found /usr/bin/objdump
configure:4643: result: objdump
configure:4675: checking how to recognize dependent libraries
configure:4871: result: pass_all
configure:4931: checking for ar
configure:4947: found /usr/bin/ar
configure:4958: result: ar
configure:5036: checking for strip
configure:5052: found /usr/bin/strip
configure:5063: result: strip
configure:5135: checking for ranlib
configure:5151: found /usr/bin/ranlib
configure:5162: result: ranlib
configure:5252: checking command to parse /usr/bin/nm -B output from gcc object
configure:5370: g++-4.2 -c -g -O2  conftest.cpp >&5
configure:5373: $? = 0
configure:5377: /usr/bin/nm -B conftest.o \| sed -n -e 's/^.*[	 ]\([ABCDGIRSTW][ABCDGIRSTW]*\)[	 ][	 ]*\([_A-Za-z][_A-Za-z0-9]*\)$/\1 \2 \2/p' \> conftest.nm
configure:5380: $? = 0
configure:5434: g++-4.2 -o conftest -g -O2   conftest.cpp conftstm.o >&5
configure:5437: $? = 0
configure:5475: result: ok
configure:5571: g++-4.2 -c -g -O2  conftest.cpp >&5
configure:5574: $? = 0
configure:6284: checking how to run the C preprocessor
configure:6315: gcc -E  conftest.c
configure:6315: $? = 0
configure:6329: gcc -E  conftest.c
conftest.c:11:28: error: ac_nonexistent.h: No such file or directory
configure:6329: $? = 1
configure: failed program was:
| /* confdefs.h */
| #define PACKAGE_NAME ""
| #define PACKAGE_TARNAME ""
| #define PACKAGE_VERSION ""
| #define PACKAGE_STRING ""
| #define PACKAGE_BUGREPORT ""
| #define PACKAGE_URL ""
| #define PACKAGE "ntuplace"
| #define VERSION "0.3"
| /* end confdefs.h.  */
| #include <ac_nonexistent.h>
configure:6354: result: gcc -E
configure:6374: gcc -E  conftest.c
configure:6374: $? = 0
configure:6388: gcc -E  conftest.c
conftest.c:11:28: error: ac_nonexistent.h: No such file or directory
configure:6388: $? = 1
configure: failed program was:
| /* confdefs.h */
| #define PACKAGE_NAME ""
| #define PACKAGE_TARNAME ""
| #define PACKAGE_VERSION ""
| #define PACKAGE_STRING ""
| #define PACKAGE_BUGREPORT ""
| #define PACKAGE_URL ""
| #define PACKAGE "ntuplace"
| #define VERSION "0.3"
| /* end confdefs.h.  */
| #include <ac_nonexistent.h>
configure:6417: checking for ANSI C header files
configure:6437: gcc -c -g -O2  conftest.c >&5
configure:6437: $? = 0
configure:6510: gcc -o conftest -g -O2   conftest.c  >&5
configure:6510: $? = 0
configure:6510: ./conftest
configure:6510: $? = 0
configure:6521: result: yes
configure:6534: checking for sys/types.h
configure:6534: gcc -c -g -O2  conftest.c >&5
configure:6534: $? = 0
configure:6534: result: yes
configure:6534: checking for sys/stat.h
configure:6534: gcc -c -g -O2  conftest.c >&5
configure:6534: $? = 0
configure:6534: result: yes
configure:6534: checking for stdlib.h
configure:6534: gcc -c -g -O2  conftest.c >&5
configure:6534: $? = 0
configure:6534: result: yes
configure:6534: checking for string.h
configure:6534: gcc -c -g -O2  conftest.c >&5
configure:6534: $? = 0
configure:6534: result: yes
configure:6534: checking for memory.h
configure:6534: gcc -c -g -O2  conftest.c >&5
configure:6534: $? = 0
configure:6534: result: yes
configure:6534: checking for strings.h
configure:6534: gcc -c -g -O2  conftest.c >&5
configure:6534: $? = 0
configure:6534: result: yes
configure:6534: checking for inttypes.h
configure:6534: gcc -c -g -O2  conftest.c >&5
configure:6534: $? = 0
configure:6534: result: yes
configure:6534: checking for stdint.h
configure:6534: gcc -c -g -O2  conftest.c >&5
configure:6534: $? = 0
configure:6534: result: yes
configure:6534: checking for unistd.h
configure:6534: gcc -c -g -O2  conftest.c >&5
configure:6534: $? = 0
configure:6534: result: yes
configure:6549: checking for dlfcn.h
configure:6549: gcc -c -g -O2  conftest.c >&5
configure:6549: $? = 0
configure:6549: result: yes
configure:6674: checking for C++ compiler version
configure:6683: g++-4.2 --version >&5
g++-4.2 (GCC) 4.2.4 (Ubuntu 4.2.4-5ubuntu1)
Copyright (C) 2007 Free Software Foundation, Inc.
This is free software; see the source for copying conditions.  There is NO
warranty; not even for MERCHANTABILITY or FITNESS FOR A PARTICULAR PURPOSE.

configure:6694: $? = 0
configure:6683: g++-4.2 -v >&5
Using built-in specs.
Target: x86_64-linux-gnu
Configured with: ../src/configure -v --enable-languages=c,c++,fortran,objc,obj-c++ --prefix=/usr --enable-shared --with-system-zlib --libexecdir=/usr/lib --without-included-gettext --enable-threads=posix --enable-nls --with-gxx-include-dir=/usr/include/c++/4.2 --program-suffix=-4.2 --enable-clocale=gnu --enable-libstdcxx-debug --enable-objc-gc --enable-mpfr --with-tune=generic --enable-checking=release --build=x86_64-linux-gnu --host=x86_64-linux-gnu --target=x86_64-linux-gnu
Thread model: posix
gcc version 4.2.4 (Ubuntu 4.2.4-5ubuntu1)
configure:6694: $? = 0
configure:6683: g++-4.2 -V >&5
g++-4.2: '-V' option must have argument
configure:6694: $? = 1
configure:6683: g++-4.2 -qversion >&5
g++-4.2: unrecognized option '-qversion'
g++-4.2: no input files
configure:6694: $? = 1
configure:6698: checking whether we are using the GNU C++ compiler
configure:6726: result: yes
configure:6735: checking whether g++-4.2 accepts -g
configure:6796: result: yes
configure:6827: checking how to run the C++ preprocessor
configure:6854: g++-4.2 -E  conftest.cpp
configure:6854: $? = 0
configure:6868: g++-4.2 -E  conftest.cpp
conftest.cpp:22:28: error: ac_nonexistent.h: No such file or directory
configure:6868: $? = 1
configure: failed program was:
| /* confdefs.h */
| #define PACKAGE_NAME ""
| #define PACKAGE_TARNAME ""
| #define PACKAGE_VERSION ""
| #define PACKAGE_STRING ""
| #define PACKAGE_BUGREPORT ""
| #define PACKAGE_URL ""
| #define PACKAGE "ntuplace"
| #define VERSION "0.3"
| #define STDC_HEADERS 1
| #define HAVE_SYS_TYPES_H 1
| #define HAVE_SYS_STAT_H 1
| #define HAVE_STDLIB_H 1
| #define HAVE_STRING_H 1
| #define HAVE_MEMORY_H 1
| #define HAVE_STRINGS_H 1
| #define HAVE_INTTYPES_H 1
| #define HAVE_STDINT_H 1
| #define HAVE_UNISTD_H 1
| #define HAVE_DLFCN_H 1
| /* end confdefs.h.  */
| #include <ac_nonexistent.h>
configure:6893: result: g++-4.2 -E
configure:6913: g++-4.2 -E  conftest.cpp
configure:6913: $? = 0
configure:6927: g++-4.2 -E  conftest.cpp
conftest.cpp:22:28: error: ac_nonexistent.h: No such file or directory
configure:6927: $? = 1
configure: failed program was:
| /* confdefs.h */
| #define PACKAGE_NAME ""
| #define PACKAGE_TARNAME ""
| #define PACKAGE_VERSION ""
| #define PACKAGE_STRING ""
| #define PACKAGE_BUGREPORT ""
| #define PACKAGE_URL ""
| #define PACKAGE "ntuplace"
| #define VERSION "0.3"
| #define STDC_HEADERS 1
| #define HAVE_SYS_TYPES_H 1
| #define HAVE_SYS_STAT_H 1
| #define HAVE_STDLIB_H 1
| #define HAVE_STRING_H 1
| #define HAVE_MEMORY_H 1
| #define HAVE_STRINGS_H 1
| #define HAVE_INTTYPES_H 1
| #define HAVE_STDINT_H 1
| #define HAVE_UNISTD_H 1
| #define HAVE_DLFCN_H 1
| /* end confdefs.h.  */
| #include <ac_nonexistent.h>
configure:7133: checking for objdir
configure:7148: result: .libs
configure:7440: checking if gcc supports -fno-rtti -fno-exceptions
configure:7458: gcc -c -g -O2  -fno-rtti -fno-exceptions conftest.c >&5
cc1: warning: command line option "-fno-rtti" is valid for C++/ObjC++ but not for C
configure:7462: $? = 0
configure:7475: result: no
configure:7495: checking for gcc option to produce PIC
configure:7767: result: -fPIC -DPIC
configure:7779: checking if gcc PIC flag -fPIC -DPIC works
configure:7797: gcc -c -g -O2  -fPIC -DPIC -DPIC conftest.c >&5
configure:7801: $? = 0
configure:7814: result: yes
configure:7838: checking if gcc static flag -static works
configure:7866: result: yes
configure:7881: checking if gcc supports -c -o file.o
configure:7902: gcc -c -g -O2  -o out/conftest2.o conftest.c >&5
configure:7906: $? = 0
configure:7928: result: yes
configure:7936: checking if gcc supports -c -o file.o
configure:7983: result: yes
configure:8016: checking whether the gcc linker (/usr/bin/ld -m elf_x86_64) supports shared libraries
configure:9006: result: yes
configure:9043: checking whether -lc should be explicitly linked in
configure:9048: gcc -c -g -O2  conftest.c >&5
configure:9051: $? = 0
configure:9066: gcc -shared conftest.o  -v -Wl,-soname -Wl,conftest -o conftest 2\>\&1 \| /bin/grep  -lc  \>/dev/null 2\>\&1
configure:9069: $? = 0
configure:9081: result: no
configure:9245: checking dynamic linker characteristics
configure:9678: gcc -o conftest -g -O2   -Wl,-rpath -Wl,/foo conftest.c  >&5
configure:9678: $? = 0
configure:9908: result: GNU/Linux ld.so
configure:10010: checking how to hardcode library paths into programs
configure:10035: result: immediate
configure:10555: checking whether stripping libraries is possible
configure:10560: result: yes
configure:10595: checking if libtool supports shared libraries
configure:10597: result: yes
configure:10600: checking whether to build shared libraries
configure:10621: result: yes
configure:10624: checking whether to build static libraries
configure:10628: result: yes
configure:10778: checking for ld used by g++-4.2
configure:10845: result: /usr/bin/ld -m elf_x86_64
configure:10852: checking if the linker (/usr/bin/ld -m elf_x86_64) is GNU ld
configure:10867: result: yes
configure:10922: checking whether the g++-4.2 linker (/usr/bin/ld -m elf_x86_64) supports shared libraries
configure:11835: result: yes
configure:11863: g++-4.2 -c -g -O2  conftest.cpp >&5
configure:11866: $? = 0
configure:12048: checking for g++-4.2 option to produce PIC
configure:12365: result: -fPIC -DPIC
configure:12374: checking if g++-4.2 PIC flag -fPIC -DPIC works
configure:12392: g++-4.2 -c -g -O2  -fPIC -DPIC -DPIC conftest.cpp >&5
configure:12396: $? = 0
configure:12409: result: yes
configure:12430: checking if g++-4.2 static flag -static works
configure:12458: result: yes
configure:12470: checking if g++-4.2 supports -c -o file.o
configure:12491: g++-4.2 -c -g -O2  -o out/conftest2.o conftest.cpp >&5
configure:12495: $? = 0
configure:12517: result: yes
configure:12522: checking if g++-4.2 supports -c -o file.o
configure:12569: result: yes
configure:12599: checking whether the g++-4.2 linker (/usr/bin/ld -m elf_x86_64) supports shared libraries
configure:12628: result: yes
configure:12765: checking dynamic linker characteristics
configure:13146: g++-4.2 -o conftest -g -O2   -Wl,-rpath -Wl,/foo conftest.cpp  >&5
configure:13146: $? = 0
configure:13376: result: GNU/Linux ld.so
configure:13427: checking how to hardcode library paths into programs
configure:13452: result: immediate
configure:13615: creating ./config.status

## ---------------------- ##
## Running config.status. ##
## ---------------------- ##

This file was extended by config.status, which was
generated by GNU Autoconf 2.64.  Invocation command line was

  CONFIG_FILES    = 
  CONFIG_HEADERS  = 
  CONFIG_LINKS    = 
  CONFIG_COMMANDS = 
  $ ./config.status 

on eda21

config.status:1094: creating Makefile
config.status:1197: WARNING:  'Makefile.in' seems to ignore the --datarootdir setting
config.status:1094: creating src/Makefile
config.status:1197: WARNING:  'src/Makefile.in' seems to ignore the --datarootdir setting
config.status:1094: creating config.h
config.status:1260: config.h is unchanged
config.status:1274: executing default-1 commands
config.status:1274: executing libtool commands

## ---------------- ##
## Cache variables. ##
## ---------------- ##

ac_cv_build=x86_64-unknown-linux-gnu
ac_cv_c_compiler_gnu=yes
ac_cv_cxx_compiler_gnu=yes
ac_cv_env_CCC_set=
ac_cv_env_CCC_value=
ac_cv_env_CC_set=
ac_cv_env_CC_value=
ac_cv_env_CFLAGS_set=
ac_cv_env_CFLAGS_value=
ac_cv_env_CPPFLAGS_set=
ac_cv_env_CPPFLAGS_value=
ac_cv_env_CPP_set=
ac_cv_env_CPP_value=
ac_cv_env_CXXCPP_set=
ac_cv_env_CXXCPP_value=
ac_cv_env_CXXFLAGS_set=
ac_cv_env_CXXFLAGS_value=
ac_cv_env_CXX_set=set
ac_cv_env_CXX_value=g++-4.2
ac_cv_env_LDFLAGS_set=
ac_cv_env_LDFLAGS_value=
ac_cv_env_LIBS_set=
ac_cv_env_LIBS_value=
ac_cv_env_build_alias_set=
ac_cv_env_build_alias_value=
ac_cv_env_host_alias_set=
ac_cv_env_host_alias_value=
ac_cv_env_target_alias_set=
ac_cv_env_target_alias_value=
ac_cv_header_dlfcn_h=yes
ac_cv_header_inttypes_h=yes
ac_cv_header_memory_h=yes
ac_cv_header_stdc=yes
ac_cv_header_stdint_h=yes
ac_cv_header_stdlib_h=yes
ac_cv_header_string_h=yes
ac_cv_header_strings_h=yes
ac_cv_header_sys_stat_h=yes
ac_cv_header_sys_types_h=yes
ac_cv_header_unistd_h=yes
ac_cv_host=x86_64-unknown-linux-gnu
ac_cv_objext=o
ac_cv_path_EGREP='/bin/grep -E'
ac_cv_path_FGREP='/bin/grep -F'
ac_cv_path_GREP=/bin/grep
ac_cv_path_SED=/bin/sed
ac_cv_path_install='/usr/bin/install -c'
ac_cv_prog_CPP='gcc -E'
ac_cv_prog_CXXCPP='g++-4.2 -E'
ac_cv_prog_ac_ct_AR=ar
ac_cv_prog_ac_ct_CC=gcc
ac_cv_prog_ac_ct_OBJDUMP=objdump
ac_cv_prog_ac_ct_RANLIB=ranlib
ac_cv_prog_ac_ct_STRIP=strip
ac_cv_prog_cc_c89=
ac_cv_prog_cc_g=yes
ac_cv_prog_cxx_g=yes
ac_cv_prog_make_make_set=yes
lt_cv_deplibs_check_method=pass_all
lt_cv_file_magic_cmd='$MAGIC_CMD'
lt_cv_file_magic_test_file=
lt_cv_ld_reload_flag=-r
lt_cv_nm_interface='BSD nm'
lt_cv_objdir=.libs
lt_cv_path_LD=/usr/bin/ld
lt_cv_path_LDCXX='/usr/bin/ld -m elf_x86_64'
lt_cv_path_NM='/usr/bin/nm -B'
lt_cv_prog_compiler_c_o=yes
lt_cv_prog_compiler_c_o_CXX=yes
lt_cv_prog_compiler_pic_works=yes
lt_cv_prog_compiler_pic_works_CXX=yes
lt_cv_prog_compiler_rtti_exceptions=no
lt_cv_prog_compiler_static_works=yes
lt_cv_prog_compiler_static_works_CXX=yes
lt_cv_prog_gnu_ld=yes
lt_cv_prog_gnu_ldcxx=yes
lt_cv_sys_global_symbol_pipe='sed -n -e '\''s/^.*[	 ]\([ABCDGIRSTW][ABCDGIRSTW]*\)[	 ][	 ]*\([_A-Za-z][_A-Za-z0-9]*\)$/\1 \2 \2/p'\'''
lt_cv_sys_global_symbol_to_c_name_address='sed -n -e '\''s/^: \([^ ]*\) $/  {\"\1\", (void *) 0},/p'\'' -e '\''s/^[ABCDGIRSTW]* \([^ ]*\) \([^ ]*\)$/  {"\2", (void *) \&\2},/p'\'''
lt_cv_sys_global_symbol_to_c_name_address_lib_prefix='sed -n -e '\''s/^: \([^ ]*\) $/  {\"\1\", (void *) 0},/p'\'' -e '\''s/^[ABCDGIRSTW]* \([^ ]*\) \(lib[^ ]*\)$/  {"\2", (void *) \&\2},/p'\'' -e '\''s/^[ABCDGIRSTW]* \([^ ]*\) \([^ ]*\)$/  {"lib\2", (void *) \&\2},/p'\'''
lt_cv_sys_global_symbol_to_cdecl='sed -n -e '\''s/^T .* \(.*\)$/extern int \1();/p'\'' -e '\''s/^[ABCDGIRSTW]* .* \(.*\)$/extern char \1;/p'\'''
lt_cv_sys_max_cmd_len=1572864

## ----------------- ##
## Output variables. ##
## ----------------- ##

ACLOCAL='aclocal-1.4'
AR='ar'
AUTOCONF='autoconf'
AUTOHEADER='autoheader'
AUTOMAKE='automake-1.4'
CC='gcc'
CFLAGS='-g -O2'
CPP='gcc -E'
CPPFLAGS=''
CXX='g++-4.2'
CXXCPP='g++-4.2 -E'
CXXFLAGS='-g -O2'
DEFS='-DHAVE_CONFIG_H'
DSYMUTIL=''
DUMPBIN=''
ECHO_C=''
ECHO_N='-n'
ECHO_T=''
EGREP='/bin/grep -E'
EXEEXT=''
FGREP='/bin/grep -F'
GREP='/bin/grep'
INSTALL_DATA='${INSTALL} -m 644'
INSTALL_PROGRAM='${INSTALL}'
INSTALL_SCRIPT='${INSTALL}'
LD='/usr/bin/ld -m elf_x86_64'
LDFLAGS=''
LIBOBJS=''
LIBS=''
LIBTOOL='$(SHELL) $(top_builddir)/libtool'
LIPO=''
LN_S='ln -s'
LTLIBOBJS=''
MAKEINFO='/home/kaie/research/NTUplace/test/ntuplace2.0/missing makeinfo'
NM='/usr/bin/nm -B'
NMEDIT=''
OBJDUMP='objdump'
OBJEXT='o'
OTOOL64=''
OTOOL=''
PACKAGE='ntuplace'
PACKAGE_BUGREPORT=''
PACKAGE_NAME=''
PACKAGE_STRING=''
PACKAGE_TARNAME=''
PACKAGE_URL=''
PACKAGE_VERSION=''
PATH_SEPARATOR=':'
RANLIB='ranlib'
SED='/bin/sed'
SET_MAKE=''
SHELL='/bin/bash'
STRIP='strip'
VERSION='0.3'
ac_ct_CC='gcc'
ac_ct_CXX=''
ac_ct_DUMPBIN=''
bindir='${exec_prefix}/bin'
build='x86_64-unknown-linux-gnu'
build_alias=''
build_cpu='x86_64'
build_os='linux-gnu'
build_vendor='unknown'
datadir='${datarootdir}'
datarootdir='${prefix}/share'
docdir='${datarootdir}/doc/${PACKAGE}'
dvidir='${docdir}'
exec_prefix='${prefix}'
host='x86_64-unknown-linux-gnu'
host_alias=''
host_cpu='x86_64'
host_os='linux-gnu'
host_vendor='unknown'
htmldir='${docdir}'
includedir='${prefix}/include'
infodir='${datarootdir}/info'
libdir='${exec_prefix}/lib'
libexecdir='${exec_prefix}/libexec'
localedir='${datarootdir}/locale'
localstatedir='${prefix}/var'
lt_ECHO='echo'
mandir='${datarootdir}/man'
oldincludedir='/usr/include'
pdfdir='${docdir}'
prefix='/usr/local'
program_transform_name='s,x,x,'
psdir='${docdir}'
sbindir='${exec_prefix}/sbin'
sharedstatedir='${prefix}/com'
sysconfdir='${prefix}/etc'
target_alias=''

## ----------- ##
## confdefs.h. ##
## ----------- ##

/* confdefs.h */
#define PACKAGE_NAME ""
#define PACKAGE_TARNAME ""
#define PACKAGE_VERSION ""
#define PACKAGE_STRING ""
#define PACKAGE_BUGREPORT ""
#define PACKAGE_URL ""
#define PACKAGE "ntuplace"
#define VERSION "0.3"
#define STDC_HEADERS 1
#define HAVE_SYS_TYPES_H 1
#define HAVE_SYS_STAT_H 1
#define HAVE_STDLIB_H 1
#define HAVE_STRING_H 1
#define HAVE_MEMORY_H 1
#define HAVE_STRINGS_H 1
#define HAVE_INTTYPES_H 1
#define HAVE_STDINT_H 1
#define HAVE_UNISTD_H 1
#define HAVE_DLFCN_H 1
#define LT_OBJDIR ".libs/"

configure: exit 0
